Using pre-set license
Built from '2020.3/staging' branch; Version is '2020.3.3f1 (76626098c1c4) revision 7758432'; Using compiler version '192528614'; Build Type 'Release'
OS: 'Windows 10 Pro; OS build 19042.985; Version 2009; 64bit' Language: 'en' Physical Memory: 8082 MB
BatchMode: 1, IsHumanControllingUs: 0, StartBugReporterOnCrash: 0, Is64bit: 1, IsPro: 0

 COMMAND LINE ARGUMENTS:
E:\Softwares\Unity\2020.3.3f1\Editor\Unity.exe
-adb2
-batchMode
-noUpm
-name
AssetImportWorker0
-projectPath
E:/Unity Project files/CapsuleFollow
-logFile
Logs/AssetImportWorker0.log
-srvPort
61429
Successfully changed project path to: E:/Unity Project files/CapsuleFollow
E:/Unity Project files/CapsuleFollow
Using Asset Import Pipeline V2.
Refreshing native plugins compatible for Editor in 31.60 ms, found 0 plugins.
Preloading 0 native plugins for Editor in 0.00 ms.
Initialize engine version: 2020.3.3f1 (76626098c1c4)
[Subsystems] Discovering subsystems at path E:/Softwares/Unity/2020.3.3f1/Editor/Data/Resources/UnitySubsystems
[Subsystems] Discovering subsystems at path E:/Unity Project files/CapsuleFollow/Assets
GfxDevice: creating device client; threaded=0
Direct3D:
    Version:  Direct3D 11.0 [level 11.1]
    Renderer: Intel(R) HD Graphics 4400 (ID=0x41e)
    Vendor:   
    VRAM:     2048 MB
    Driver:   20.19.15.4531
Initialize mono
Mono path[0] = 'E:/Softwares/Unity/2020.3.3f1/Editor/Data/Managed'
Mono path[1] = 'E:/Softwares/Unity/2020.3.3f1/Editor/Data/MonoBleedingEdge/lib/mono/unityjit'
Mono config path = 'E:/Softwares/Unity/2020.3.3f1/Editor/Data/MonoBleedingEdge/etc'
Using monoOptions --debugger-agent=transport=dt_socket,embedding=1,server=y,suspend=n,address=127.0.0.1:56048
Begin MonoManager ReloadAssembly
Registering precompiled unity dll's ...
Register platform support module: E:/Softwares/Unity/2020.3.3f1/Editor/Data/PlaybackEngines/WindowsStandaloneSupport/UnityEditor.WindowsStandalone.Extensions.dll
Registered in 0.001716 seconds.
Native extension for WindowsStandalone target not found
Refreshing native plugins compatible for Editor in 32.60 ms, found 0 plugins.
Preloading 0 native plugins for Editor in 0.00 ms.
Invoked RoslynAnalysisRunner static constructor.
RoslynAnalysisRunner will not be running.
RoslynAnalysisRunner has terminated.
Mono: successfully reloaded assembly
- Completed reload, in  1.995 seconds
Platform modules already initialized, skipping
Registering precompiled user dll's ...
Registered in 0.000695 seconds.
Begin MonoManager ReloadAssembly
Native extension for WindowsStandalone target not found
Refreshing native plugins compatible for Editor in 0.29 ms, found 0 plugins.
Preloading 0 native plugins for Editor in 0.00 ms.
Invoked RoslynAnalysisRunner static constructor.
RoslynAnalysisRunner will not be running.
RoslynAnalysisRunner has terminated.
Mono: successfully reloaded assembly
- Completed reload, in  1.132 seconds
Platform modules already initialized, skipping
========================================================================
Worker process is ready to serve import requests
Launched and connected shader compiler UnityShaderCompiler.exe after 0.17 seconds
Refreshing native plugins compatible for Editor in 0.54 ms, found 0 plugins.
Preloading 0 native plugins for Editor in 0.00 ms.
Unloading 1279 Unused Serialized files (Serialized files now loaded: 0)
System memory in use before: 64.4 MB.
System memory in use after: 64.4 MB.

Unloading 11 unused Assets to reduce memory usage. Loaded Objects now: 1722.
Total: 5.357100 ms (FindLiveObjects: 0.833900 ms CreateObjectMapping: 0.187000 ms MarkObjects: 4.115900 ms  DeleteObjects: 0.213800 ms)

========================================================================
Received Import Request.
  path: Assets/Matesials/PlayerMat.mat
  artifactKey: Guid(f11157ec0a9f50c4c97712e7fa6bf121) Importer(815301076,1909f56bfc062723c751e8b465ee728b)
Start importing Assets/Matesials/PlayerMat.mat using Guid(f11157ec0a9f50c4c97712e7fa6bf121) Importer(815301076,1909f56bfc062723c751e8b465ee728b)  -> (artifact id: '559fef43fc55ccb4635092c5ff8fc5e3') in 0.425535 seconds
  Import took 0.431105 seconds .

========================================================================
Received Import Request.
  Time since last request: 0.000436 seconds.
  path: Assets/Prefabs/Enemy.prefab
  artifactKey: Guid(66d5a075bbe286f449bc3ac5e99cde8e) Importer(815301076,1909f56bfc062723c751e8b465ee728b)
Start importing Assets/Prefabs/Enemy.prefab using Guid(66d5a075bbe286f449bc3ac5e99cde8e) Importer(815301076,1909f56bfc062723c751e8b465ee728b)  -> (artifact id: '220d5bf36c121ecdd26e17f4066e592f') in 0.319919 seconds
  Import took 0.355182 seconds .

========================================================================
Received Import Request.
  Time since last request: 0.000406 seconds.
  path: Assets/Prefabs/Player.prefab
  artifactKey: Guid(0ca21b883a7adda4a82b4ad67b4513ff) Importer(815301076,1909f56bfc062723c751e8b465ee728b)
Start importing Assets/Prefabs/Player.prefab using Guid(0ca21b883a7adda4a82b4ad67b4513ff) Importer(815301076,1909f56bfc062723c751e8b465ee728b)  -> (artifact id: '16ca35c605383fc2d2efa07bcb70529c') in 0.134775 seconds
  Import took 0.162217 seconds .

========================================================================
Received Prepare
Registering precompiled user dll's ...
Registered in 0.002459 seconds.
Begin MonoManager ReloadAssembly
Native extension for WindowsStandalone target not found
Refreshing native plugins compatible for Editor in 0.57 ms, found 0 plugins.
Preloading 0 native plugins for Editor in 0.00 ms.
Invoked RoslynAnalysisRunner static constructor.
RoslynAnalysisRunner will not be running.
RoslynAnalysisRunner has terminated.
Mono: successfully reloaded assembly
- Completed reload, in  3.646 seconds
Platform modules already initialized, skipping
Refreshing native plugins compatible for Editor in 0.45 ms, found 0 plugins.
Preloading 0 native plugins for Editor in 0.00 ms.
Unloading 1259 Unused Serialized files (Serialized files now loaded: 0)
System memory in use before: 66.3 MB.
System memory in use after: 66.4 MB.

Unloading 7 unused Assets to reduce memory usage. Loaded Objects now: 1766.
Total: 7.025300 ms (FindLiveObjects: 0.377000 ms CreateObjectMapping: 0.215100 ms MarkObjects: 6.257500 ms  DeleteObjects: 0.170100 ms)

========================================================================
Received Import Request.
  Time since last request: 118.471722 seconds.
  path: Assets/Matesials/PlayerMat.mat
  artifactKey: Guid(f11157ec0a9f50c4c97712e7fa6bf121) Importer(815301076,1909f56bfc062723c751e8b465ee728b)
Start importing Assets/Matesials/PlayerMat.mat using Guid(f11157ec0a9f50c4c97712e7fa6bf121) Importer(815301076,1909f56bfc062723c751e8b465ee728b)  -> (artifact id: 'e307d38676bf40e3901b5650af852fdc') in 0.442125 seconds
  Import took 0.447487 seconds .

