Using pre-set license
Built from '2020.3/staging' branch; Version is '2020.3.3f1 (76626098c1c4) revision 7758432'; Using compiler version '192528614'; Build Type 'Release'
OS: 'Windows 10 Pro; OS build 19042.985; Version 2009; 64bit' Language: 'en' Physical Memory: 8082 MB
BatchMode: 1, IsHumanControllingUs: 0, StartBugReporterOnCrash: 0, Is64bit: 1, IsPro: 0

 COMMAND LINE ARGUMENTS:
E:\Softwares\Unity\2020.3.3f1\Editor\Unity.exe
-adb2
-batchMode
-noUpm
-name
AssetImportWorker0
-projectPath
E:/Unity Project files/CapsuleFollow
-logFile
Logs/AssetImportWorker0.log
-srvPort
59665
Successfully changed project path to: E:/Unity Project files/CapsuleFollow
E:/Unity Project files/CapsuleFollow
Using Asset Import Pipeline V2.
Refreshing native plugins compatible for Editor in 27.77 ms, found 0 plugins.
Preloading 0 native plugins for Editor in 0.00 ms.
Initialize engine version: 2020.3.3f1 (76626098c1c4)
[Subsystems] Discovering subsystems at path E:/Softwares/Unity/2020.3.3f1/Editor/Data/Resources/UnitySubsystems
[Subsystems] Discovering subsystems at path E:/Unity Project files/CapsuleFollow/Assets
GfxDevice: creating device client; threaded=0
Direct3D:
    Version:  Direct3D 11.0 [level 11.1]
    Renderer: Intel(R) HD Graphics 4400 (ID=0x41e)
    Vendor:   
    VRAM:     2048 MB
    Driver:   20.19.15.4531
Initialize mono
Mono path[0] = 'E:/Softwares/Unity/2020.3.3f1/Editor/Data/Managed'
Mono path[1] = 'E:/Softwares/Unity/2020.3.3f1/Editor/Data/MonoBleedingEdge/lib/mono/unityjit'
Mono config path = 'E:/Softwares/Unity/2020.3.3f1/Editor/Data/MonoBleedingEdge/etc'
Using monoOptions --debugger-agent=transport=dt_socket,embedding=1,server=y,suspend=n,address=127.0.0.1:56424
Begin MonoManager ReloadAssembly
Registering precompiled unity dll's ...
Register platform support module: E:/Softwares/Unity/2020.3.3f1/Editor/Data/PlaybackEngines/WindowsStandaloneSupport/UnityEditor.WindowsStandalone.Extensions.dll
Registered in 0.001157 seconds.
Native extension for WindowsStandalone target not found
Refreshing native plugins compatible for Editor in 27.87 ms, found 0 plugins.
Preloading 0 native plugins for Editor in 0.00 ms.
Invoked RoslynAnalysisRunner static constructor.
RoslynAnalysisRunner will not be running.
RoslynAnalysisRunner has terminated.
Mono: successfully reloaded assembly
- Completed reload, in  1.678 seconds
Platform modules already initialized, skipping
Registering precompiled user dll's ...
Registered in 0.000688 seconds.
Begin MonoManager ReloadAssembly
Native extension for WindowsStandalone target not found
Refreshing native plugins compatible for Editor in 0.29 ms, found 0 plugins.
Preloading 0 native plugins for Editor in 0.00 ms.
Invoked RoslynAnalysisRunner static constructor.
RoslynAnalysisRunner will not be running.
RoslynAnalysisRunner has terminated.
Mono: successfully reloaded assembly
- Completed reload, in  1.208 seconds
Platform modules already initialized, skipping
========================================================================
Worker process is ready to serve import requests
Launched and connected shader compiler UnityShaderCompiler.exe after 0.12 seconds
Refreshing native plugins compatible for Editor in 0.44 ms, found 0 plugins.
Preloading 0 native plugins for Editor in 0.00 ms.
Unloading 1264 Unused Serialized files (Serialized files now loaded: 0)
System memory in use before: 62.1 MB.
System memory in use after: 62.1 MB.

Unloading 11 unused Assets to reduce memory usage. Loaded Objects now: 1706.
Total: 2.580200 ms (FindLiveObjects: 0.326700 ms CreateObjectMapping: 0.153800 ms MarkObjects: 1.989500 ms  DeleteObjects: 0.108000 ms)

========================================================================
Received Import Request.
  path: Assets/Scenes
  artifactKey: Guid(2936f4a5b41ca3e44b4622619b892293) Importer(815301076,1909f56bfc062723c751e8b465ee728b)
Start importing Assets/Scenes using Guid(2936f4a5b41ca3e44b4622619b892293) Importer(815301076,1909f56bfc062723c751e8b465ee728b)  -> (artifact id: '13b4189215336e41afb6524e7065603e') in 0.047980 seconds
  Import took 0.051452 seconds .

========================================================================
Received Import Request.
  Time since last request: 0.000251 seconds.
  path: Assets/Scripts/PlayerMovement.cs
  artifactKey: Guid(926488a0968aea245afeb8d84a956238) Importer(815301076,1909f56bfc062723c751e8b465ee728b)
Start importing Assets/Scripts/PlayerMovement.cs using Guid(926488a0968aea245afeb8d84a956238) Importer(815301076,1909f56bfc062723c751e8b465ee728b)  -> (artifact id: 'ef04c58c0ab98ba233a3d20e33f2b172') in 0.142236 seconds
  Import took 0.145047 seconds .

========================================================================
Received Import Request.
  Time since last request: 2.309689 seconds.
  path: Assets/Scripts/FollowPlayer.cs
  artifactKey: Guid(51b5962bf5dcf534286803bb2cd4500e) Importer(815301076,1909f56bfc062723c751e8b465ee728b)
Start importing Assets/Scripts/FollowPlayer.cs using Guid(51b5962bf5dcf534286803bb2cd4500e) Importer(815301076,1909f56bfc062723c751e8b465ee728b)  -> (artifact id: '919c874b6bd23ee529c9c42420f2cb53') in 0.018730 seconds
  Import took 0.023058 seconds .

========================================================================
Received Import Request.
  Time since last request: 0.002701 seconds.
  path: Assets/Scripts/FollowPlayer.cs
  artifactKey: Guid(51b5962bf5dcf534286803bb2cd4500e) Importer(815301076,1909f56bfc062723c751e8b465ee728b)
Start importing Assets/Scripts/FollowPlayer.cs using Guid(51b5962bf5dcf534286803bb2cd4500e) Importer(815301076,1909f56bfc062723c751e8b465ee728b)  -> (artifact id: '919c874b6bd23ee529c9c42420f2cb53') in 0.009554 seconds
  Import took 0.013378 seconds .

========================================================================
Received Import Request.
  Time since last request: 21.875989 seconds.
  path: Assets/Scripts/FollowPlayer.cs
  artifactKey: Guid(51b5962bf5dcf534286803bb2cd4500e) Importer(815301076,1909f56bfc062723c751e8b465ee728b)
Start importing Assets/Scripts/FollowPlayer.cs using Guid(51b5962bf5dcf534286803bb2cd4500e) Importer(815301076,1909f56bfc062723c751e8b465ee728b)  -> (artifact id: 'b14eecf8762cd292c56a304e96e2cf10') in 0.007409 seconds
  Import took 0.029141 seconds .

========================================================================
Received Import Request.
  Time since last request: 0.084310 seconds.
  path: Assets/Scripts/FollowPlayer.cs
  artifactKey: Guid(51b5962bf5dcf534286803bb2cd4500e) Importer(815301076,1909f56bfc062723c751e8b465ee728b)
Start importing Assets/Scripts/FollowPlayer.cs using Guid(51b5962bf5dcf534286803bb2cd4500e) Importer(815301076,1909f56bfc062723c751e8b465ee728b)  -> (artifact id: 'b14eecf8762cd292c56a304e96e2cf10') in 0.018455 seconds
  Import took 0.026598 seconds .

========================================================================
Received Prepare
Registering precompiled user dll's ...
Registered in 0.000656 seconds.
Begin MonoManager ReloadAssembly
Native extension for WindowsStandalone target not found
Refreshing native plugins compatible for Editor in 0.28 ms, found 0 plugins.
Preloading 0 native plugins for Editor in 0.00 ms.
Invoked RoslynAnalysisRunner static constructor.
RoslynAnalysisRunner will not be running.
RoslynAnalysisRunner has terminated.
Mono: successfully reloaded assembly
- Completed reload, in  1.035 seconds
Platform modules already initialized, skipping
Refreshing native plugins compatible for Editor in 0.43 ms, found 0 plugins.
Preloading 0 native plugins for Editor in 0.00 ms.
Unloading 1257 Unused Serialized files (Serialized files now loaded: 0)
System memory in use before: 61.9 MB.
System memory in use after: 62.0 MB.

Unloading 6 unused Assets to reduce memory usage. Loaded Objects now: 1709.
Total: 3.392300 ms (FindLiveObjects: 0.271300 ms CreateObjectMapping: 0.086900 ms MarkObjects: 2.882100 ms  DeleteObjects: 0.148300 ms)

========================================================================
Received Prepare
Registering precompiled user dll's ...
Registered in 0.001177 seconds.
Begin MonoManager ReloadAssembly
Native extension for WindowsStandalone target not found
Refreshing native plugins compatible for Editor in 0.29 ms, found 0 plugins.
Preloading 0 native plugins for Editor in 0.00 ms.
Invoked RoslynAnalysisRunner static constructor.
RoslynAnalysisRunner will not be running.
RoslynAnalysisRunner has terminated.
Mono: successfully reloaded assembly
- Completed reload, in  1.202 seconds
Platform modules already initialized, skipping
Refreshing native plugins compatible for Editor in 0.43 ms, found 0 plugins.
Preloading 0 native plugins for Editor in 0.00 ms.
Unloading 1257 Unused Serialized files (Serialized files now loaded: 0)
System memory in use before: 61.9 MB.
System memory in use after: 62.0 MB.

Unloading 6 unused Assets to reduce memory usage. Loaded Objects now: 1712.
Total: 1.898600 ms (FindLiveObjects: 0.163600 ms CreateObjectMapping: 0.055200 ms MarkObjects: 1.602700 ms  DeleteObjects: 0.075900 ms)

========================================================================
Received Import Request.
  Time since last request: 179.319455 seconds.
  path: Assets/Scripts/FollowPlayer.cs
  artifactKey: Guid(51b5962bf5dcf534286803bb2cd4500e) Importer(815301076,1909f56bfc062723c751e8b465ee728b)
Start importing Assets/Scripts/FollowPlayer.cs using Guid(51b5962bf5dcf534286803bb2cd4500e) Importer(815301076,1909f56bfc062723c751e8b465ee728b)  -> (artifact id: '90b48bc7fecf860311811b7466ff10d4') in 0.006336 seconds
  Import took 0.035583 seconds .

========================================================================
Received Prepare
Registering precompiled user dll's ...
Registered in 0.001058 seconds.
Begin MonoManager ReloadAssembly
Native extension for WindowsStandalone target not found
Refreshing native plugins compatible for Editor in 0.30 ms, found 0 plugins.
Preloading 0 native plugins for Editor in 0.00 ms.
Invoked RoslynAnalysisRunner static constructor.
RoslynAnalysisRunner will not be running.
RoslynAnalysisRunner has terminated.
Mono: successfully reloaded assembly
- Completed reload, in  0.980 seconds
Platform modules already initialized, skipping
Refreshing native plugins compatible for Editor in 0.45 ms, found 0 plugins.
Preloading 0 native plugins for Editor in 0.00 ms.
Unloading 1257 Unused Serialized files (Serialized files now loaded: 0)
System memory in use before: 61.9 MB.
System memory in use after: 62.0 MB.

Unloading 6 unused Assets to reduce memory usage. Loaded Objects now: 1715.
Total: 3.577300 ms (FindLiveObjects: 0.263800 ms CreateObjectMapping: 0.083900 ms MarkObjects: 3.157200 ms  DeleteObjects: 0.070200 ms)

========================================================================
Received Prepare
Registering precompiled user dll's ...
Registered in 0.000735 seconds.
Begin MonoManager ReloadAssembly
Native extension for WindowsStandalone target not found
Refreshing native plugins compatible for Editor in 0.31 ms, found 0 plugins.
Preloading 0 native plugins for Editor in 0.00 ms.
Invoked RoslynAnalysisRunner static constructor.
RoslynAnalysisRunner will not be running.
RoslynAnalysisRunner has terminated.
Mono: successfully reloaded assembly
- Completed reload, in  1.096 seconds
Platform modules already initialized, skipping
Refreshing native plugins compatible for Editor in 0.28 ms, found 0 plugins.
Preloading 0 native plugins for Editor in 0.00 ms.
Unloading 1257 Unused Serialized files (Serialized files now loaded: 0)
System memory in use before: 61.9 MB.
System memory in use after: 62.0 MB.

Unloading 6 unused Assets to reduce memory usage. Loaded Objects now: 1718.
Total: 2.081600 ms (FindLiveObjects: 0.161000 ms CreateObjectMapping: 0.053800 ms MarkObjects: 1.797900 ms  DeleteObjects: 0.067700 ms)

========================================================================
Received Prepare
Registering precompiled user dll's ...
Registered in 0.000648 seconds.
Begin MonoManager ReloadAssembly
Native extension for WindowsStandalone target not found
Refreshing native plugins compatible for Editor in 0.28 ms, found 0 plugins.
Preloading 0 native plugins for Editor in 0.00 ms.
Invoked RoslynAnalysisRunner static constructor.
RoslynAnalysisRunner will not be running.
RoslynAnalysisRunner has terminated.
Mono: successfully reloaded assembly
- Completed reload, in  0.962 seconds
Platform modules already initialized, skipping
Refreshing native plugins compatible for Editor in 0.47 ms, found 0 plugins.
Preloading 0 native plugins for Editor in 0.00 ms.
Unloading 1257 Unused Serialized files (Serialized files now loaded: 0)
System memory in use before: 62.0 MB.
System memory in use after: 62.0 MB.

Unloading 6 unused Assets to reduce memory usage. Loaded Objects now: 1721.
Total: 2.028700 ms (FindLiveObjects: 0.157900 ms CreateObjectMapping: 0.053700 ms MarkObjects: 1.745200 ms  DeleteObjects: 0.070400 ms)

========================================================================
Received Prepare
Registering precompiled user dll's ...
Registered in 0.000637 seconds.
Begin MonoManager ReloadAssembly
Native extension for WindowsStandalone target not found
Refreshing native plugins compatible for Editor in 0.28 ms, found 0 plugins.
Preloading 0 native plugins for Editor in 0.00 ms.
Invoked RoslynAnalysisRunner static constructor.
RoslynAnalysisRunner will not be running.
RoslynAnalysisRunner has terminated.
Mono: successfully reloaded assembly
- Completed reload, in  1.106 seconds
Platform modules already initialized, skipping
Refreshing native plugins compatible for Editor in 0.47 ms, found 0 plugins.
Preloading 0 native plugins for Editor in 0.00 ms.
Unloading 1257 Unused Serialized files (Serialized files now loaded: 0)
System memory in use before: 62.0 MB.
System memory in use after: 62.0 MB.

Unloading 6 unused Assets to reduce memory usage. Loaded Objects now: 1724.
Total: 3.809200 ms (FindLiveObjects: 0.316000 ms CreateObjectMapping: 0.075600 ms MarkObjects: 3.305400 ms  DeleteObjects: 0.109500 ms)

========================================================================
Received Prepare
Registering precompiled user dll's ...
Registered in 0.000717 seconds.
Begin MonoManager ReloadAssembly
Native extension for WindowsStandalone target not found
Refreshing native plugins compatible for Editor in 0.36 ms, found 0 plugins.
Preloading 0 native plugins for Editor in 0.00 ms.
Invoked RoslynAnalysisRunner static constructor.
RoslynAnalysisRunner will not be running.
RoslynAnalysisRunner has terminated.
Mono: successfully reloaded assembly
- Completed reload, in  0.965 seconds
Platform modules already initialized, skipping
Refreshing native plugins compatible for Editor in 0.43 ms, found 0 plugins.
Preloading 0 native plugins for Editor in 0.00 ms.
Unloading 1257 Unused Serialized files (Serialized files now loaded: 0)
System memory in use before: 62.0 MB.
System memory in use after: 62.1 MB.

Unloading 6 unused Assets to reduce memory usage. Loaded Objects now: 1727.
Total: 2.614400 ms (FindLiveObjects: 0.295600 ms CreateObjectMapping: 0.182300 ms MarkObjects: 2.059300 ms  DeleteObjects: 0.075600 ms)

========================================================================
Received Import Request.
  Time since last request: 934.263333 seconds.
  path: Assets/Matesials/Plane_mat.mat
  artifactKey: Guid(05c21947d7217314ba8b85dc113ce274) Importer(815301076,1909f56bfc062723c751e8b465ee728b)
Start importing Assets/Matesials/Plane_mat.mat using Guid(05c21947d7217314ba8b85dc113ce274) Importer(815301076,1909f56bfc062723c751e8b465ee728b)  -> (artifact id: 'fa09978fe9f67b56477581b60b555388') in 0.537195 seconds
  Import took 0.554037 seconds .

========================================================================
Received Import Request.
  Time since last request: 9.272218 seconds.
  path: Assets/Matesials/PickUp.mat
  artifactKey: Guid(00d326ebf044bc54d81f215ecc6231eb) Importer(815301076,1909f56bfc062723c751e8b465ee728b)
Start importing Assets/Matesials/PickUp.mat using Guid(00d326ebf044bc54d81f215ecc6231eb) Importer(815301076,1909f56bfc062723c751e8b465ee728b)  -> (artifact id: 'e9b20a9299332c213e4a1f9c21fdeddd') in 0.046658 seconds
  Import took 0.082830 seconds .

========================================================================
Received Prepare
Registering precompiled user dll's ...
Registered in 0.000661 seconds.
Begin MonoManager ReloadAssembly
Native extension for WindowsStandalone target not found
Refreshing native plugins compatible for Editor in 0.42 ms, found 0 plugins.
Preloading 0 native plugins for Editor in 0.00 ms.
Invoked RoslynAnalysisRunner static constructor.
RoslynAnalysisRunner will not be running.
RoslynAnalysisRunner has terminated.
Mono: successfully reloaded assembly
- Completed reload, in  1.192 seconds
Platform modules already initialized, skipping
Refreshing native plugins compatible for Editor in 0.42 ms, found 0 plugins.
Preloading 0 native plugins for Editor in 0.00 ms.
Unloading 1258 Unused Serialized files (Serialized files now loaded: 0)
System memory in use before: 65.4 MB.
System memory in use after: 65.5 MB.

Unloading 6 unused Assets to reduce memory usage. Loaded Objects now: 1771.
Total: 3.074900 ms (FindLiveObjects: 0.191400 ms CreateObjectMapping: 0.060600 ms MarkObjects: 2.742300 ms  DeleteObjects: 0.078900 ms)

========================================================================
Received Prepare
Registering precompiled user dll's ...
Registered in 0.001499 seconds.
Begin MonoManager ReloadAssembly
Native extension for WindowsStandalone target not found
Refreshing native plugins compatible for Editor in 0.29 ms, found 0 plugins.
Preloading 0 native plugins for Editor in 0.00 ms.
Invoked RoslynAnalysisRunner static constructor.
RoslynAnalysisRunner will not be running.
RoslynAnalysisRunner has terminated.
Mono: successfully reloaded assembly
- Completed reload, in  1.188 seconds
Platform modules already initialized, skipping
Refreshing native plugins compatible for Editor in 0.42 ms, found 0 plugins.
Preloading 0 native plugins for Editor in 0.00 ms.
Unloading 1258 Unused Serialized files (Serialized files now loaded: 0)
System memory in use before: 65.4 MB.
System memory in use after: 65.5 MB.

Unloading 6 unused Assets to reduce memory usage. Loaded Objects now: 1774.
Total: 3.560300 ms (FindLiveObjects: 0.264200 ms CreateObjectMapping: 0.080800 ms MarkObjects: 3.113400 ms  DeleteObjects: 0.099400 ms)

========================================================================
Received Prepare
Registering precompiled user dll's ...
Registered in 0.000655 seconds.
Begin MonoManager ReloadAssembly
Native extension for WindowsStandalone target not found
Refreshing native plugins compatible for Editor in 0.29 ms, found 0 plugins.
Preloading 0 native plugins for Editor in 0.00 ms.
Invoked RoslynAnalysisRunner static constructor.
RoslynAnalysisRunner will not be running.
RoslynAnalysisRunner has terminated.
Mono: successfully reloaded assembly
- Completed reload, in  1.249 seconds
Platform modules already initialized, skipping
Refreshing native plugins compatible for Editor in 0.44 ms, found 0 plugins.
Preloading 0 native plugins for Editor in 0.00 ms.
Unloading 1259 Unused Serialized files (Serialized files now loaded: 0)
System memory in use before: 65.4 MB.
System memory in use after: 65.5 MB.

Unloading 6 unused Assets to reduce memory usage. Loaded Objects now: 1778.
Total: 2.811200 ms (FindLiveObjects: 0.282300 ms CreateObjectMapping: 0.079700 ms MarkObjects: 2.373800 ms  DeleteObjects: 0.073600 ms)

========================================================================
Received Import Request.
  Time since last request: 219.264979 seconds.
  path: Assets/Matesials/PickUp.mat
  artifactKey: Guid(00d326ebf044bc54d81f215ecc6231eb) Importer(815301076,1909f56bfc062723c751e8b465ee728b)
Start importing Assets/Matesials/PickUp.mat using Guid(00d326ebf044bc54d81f215ecc6231eb) Importer(815301076,1909f56bfc062723c751e8b465ee728b)  -> (artifact id: '9331d46646c6f5731a324e00f7449c88') in 0.155187 seconds
  Import took 0.159387 seconds .

========================================================================
Received Prepare
Registering precompiled user dll's ...
Registered in 0.000856 seconds.
Begin MonoManager ReloadAssembly
Native extension for WindowsStandalone target not found
Refreshing native plugins compatible for Editor in 0.29 ms, found 0 plugins.
Preloading 0 native plugins for Editor in 0.00 ms.
Invoked RoslynAnalysisRunner static constructor.
RoslynAnalysisRunner will not be running.
RoslynAnalysisRunner has terminated.
Mono: successfully reloaded assembly
- Completed reload, in  1.228 seconds
Platform modules already initialized, skipping
Refreshing native plugins compatible for Editor in 0.47 ms, found 0 plugins.
Preloading 0 native plugins for Editor in 0.00 ms.
Unloading 1272 Unused Serialized files (Serialized files now loaded: 0)
System memory in use before: 67.4 MB.
System memory in use after: 66.8 MB.

Unloading 19 unused Assets to reduce memory usage. Loaded Objects now: 1782.
Total: 4.617000 ms (FindLiveObjects: 0.384300 ms CreateObjectMapping: 0.334000 ms MarkObjects: 3.268700 ms  DeleteObjects: 0.627400 ms)

========================================================================
Received Prepare
Registering precompiled user dll's ...
Registered in 0.000748 seconds.
Begin MonoManager ReloadAssembly
Native extension for WindowsStandalone target not found
Refreshing native plugins compatible for Editor in 0.35 ms, found 0 plugins.
Preloading 0 native plugins for Editor in 0.00 ms.
Invoked RoslynAnalysisRunner static constructor.
RoslynAnalysisRunner will not be running.
RoslynAnalysisRunner has terminated.
Mono: successfully reloaded assembly
- Completed reload, in  1.253 seconds
Platform modules already initialized, skipping
Refreshing native plugins compatible for Editor in 0.48 ms, found 0 plugins.
Preloading 0 native plugins for Editor in 0.00 ms.
Unloading 1272 Unused Serialized files (Serialized files now loaded: 0)
System memory in use before: 67.4 MB.
System memory in use after: 66.8 MB.

Unloading 19 unused Assets to reduce memory usage. Loaded Objects now: 1785.
Total: 3.519000 ms (FindLiveObjects: 0.271500 ms CreateObjectMapping: 0.078900 ms MarkObjects: 2.731200 ms  DeleteObjects: 0.435200 ms)

========================================================================
Received Import Request.
  Time since last request: 83.099311 seconds.
  path: Assets/Scripts/GameManager.cs
  artifactKey: Guid(a418e00fcf29dcd44b66161bb43793b1) Importer(815301076,1909f56bfc062723c751e8b465ee728b)
Start importing Assets/Scripts/GameManager.cs using Guid(a418e00fcf29dcd44b66161bb43793b1) Importer(815301076,1909f56bfc062723c751e8b465ee728b)  -> (artifact id: 'cea78bb29b75c0c11f2434f32c96103a') in 0.013584 seconds
  Import took 0.017627 seconds .

========================================================================
Received Prepare
Registering precompiled user dll's ...
Registered in 0.001023 seconds.
Begin MonoManager ReloadAssembly
Native extension for WindowsStandalone target not found
Refreshing native plugins compatible for Editor in 0.41 ms, found 0 plugins.
Preloading 0 native plugins for Editor in 0.00 ms.
Invoked RoslynAnalysisRunner static constructor.
RoslynAnalysisRunner will not be running.
RoslynAnalysisRunner has terminated.
Mono: successfully reloaded assembly
- Completed reload, in  1.105 seconds
Platform modules already initialized, skipping
Refreshing native plugins compatible for Editor in 0.45 ms, found 0 plugins.
Preloading 0 native plugins for Editor in 0.00 ms.
Unloading 1272 Unused Serialized files (Serialized files now loaded: 0)
System memory in use before: 67.4 MB.
System memory in use after: 66.8 MB.

Unloading 19 unused Assets to reduce memory usage. Loaded Objects now: 1788.
Total: 2.638200 ms (FindLiveObjects: 0.220100 ms CreateObjectMapping: 0.107400 ms MarkObjects: 1.866700 ms  DeleteObjects: 0.442500 ms)

========================================================================
Received Import Request.
  Time since last request: 97.993412 seconds.
  path: Assets/Scripts/GameManager.cs
  artifactKey: Guid(a418e00fcf29dcd44b66161bb43793b1) Importer(815301076,1909f56bfc062723c751e8b465ee728b)
Start importing Assets/Scripts/GameManager.cs using Guid(a418e00fcf29dcd44b66161bb43793b1) Importer(815301076,1909f56bfc062723c751e8b465ee728b)  -> (artifact id: 'e30a86d8fa16efaf1e9c8b68cc1c64f0') in 0.005797 seconds
  Import took 0.029405 seconds .

========================================================================
Received Prepare
Registering precompiled user dll's ...
Registered in 0.000960 seconds.
Begin MonoManager ReloadAssembly
Native extension for WindowsStandalone target not found
Refreshing native plugins compatible for Editor in 0.30 ms, found 0 plugins.
Preloading 0 native plugins for Editor in 0.00 ms.
Invoked RoslynAnalysisRunner static constructor.
RoslynAnalysisRunner will not be running.
RoslynAnalysisRunner has terminated.
Mono: successfully reloaded assembly
- Completed reload, in  1.246 seconds
Platform modules already initialized, skipping
Refreshing native plugins compatible for Editor in 0.44 ms, found 0 plugins.
Preloading 0 native plugins for Editor in 0.00 ms.
Unloading 1272 Unused Serialized files (Serialized files now loaded: 0)
System memory in use before: 67.4 MB.
System memory in use after: 66.8 MB.

Unloading 19 unused Assets to reduce memory usage. Loaded Objects now: 1791.
Total: 3.464900 ms (FindLiveObjects: 0.479300 ms CreateObjectMapping: 0.210300 ms MarkObjects: 2.097100 ms  DeleteObjects: 0.675500 ms)

========================================================================
Received Prepare
Registering precompiled user dll's ...
Registered in 0.000688 seconds.
Begin MonoManager ReloadAssembly
Native extension for WindowsStandalone target not found
Refreshing native plugins compatible for Editor in 0.30 ms, found 0 plugins.
Preloading 0 native plugins for Editor in 0.00 ms.
Invoked RoslynAnalysisRunner static constructor.
RoslynAnalysisRunner will not be running.
RoslynAnalysisRunner has terminated.
Mono: successfully reloaded assembly
- Completed reload, in  1.320 seconds
Platform modules already initialized, skipping
Refreshing native plugins compatible for Editor in 0.47 ms, found 0 plugins.
Preloading 0 native plugins for Editor in 0.00 ms.
Unloading 1272 Unused Serialized files (Serialized files now loaded: 0)
System memory in use before: 67.4 MB.
System memory in use after: 66.8 MB.

Unloading 19 unused Assets to reduce memory usage. Loaded Objects now: 1794.
Total: 3.704400 ms (FindLiveObjects: 0.358300 ms CreateObjectMapping: 0.161100 ms MarkObjects: 2.525500 ms  DeleteObjects: 0.656700 ms)

========================================================================
Received Prepare
Registering precompiled user dll's ...
Registered in 0.000656 seconds.
Begin MonoManager ReloadAssembly
Native extension for WindowsStandalone target not found
Refreshing native plugins compatible for Editor in 0.30 ms, found 0 plugins.
Preloading 0 native plugins for Editor in 0.00 ms.
Invoked RoslynAnalysisRunner static constructor.
RoslynAnalysisRunner will not be running.
RoslynAnalysisRunner has terminated.
Mono: successfully reloaded assembly
- Completed reload, in  1.192 seconds
Platform modules already initialized, skipping
Refreshing native plugins compatible for Editor in 0.43 ms, found 0 plugins.
Preloading 0 native plugins for Editor in 0.00 ms.
Unloading 1272 Unused Serialized files (Serialized files now loaded: 0)
System memory in use before: 67.4 MB.
System memory in use after: 66.8 MB.

Unloading 19 unused Assets to reduce memory usage. Loaded Objects now: 1797.
Total: 2.526100 ms (FindLiveObjects: 0.244200 ms CreateObjectMapping: 0.061600 ms MarkObjects: 1.764600 ms  DeleteObjects: 0.454500 ms)

========================================================================
Received Import Request.
  Time since last request: 256.907363 seconds.
  path: Assets/Scripts/PickUp.cs
  artifactKey: Guid(87a3316ee45b97d4f86504ac1870d96d) Importer(815301076,1909f56bfc062723c751e8b465ee728b)
Start importing Assets/Scripts/PickUp.cs using Guid(87a3316ee45b97d4f86504ac1870d96d) Importer(815301076,1909f56bfc062723c751e8b465ee728b)  -> (artifact id: 'e66a9ebde6fab1e0d149ee6d1db5fac8') in 0.006563 seconds
  Import took 0.009147 seconds .

========================================================================
Received Prepare
Registering precompiled user dll's ...
Registered in 0.000651 seconds.
Begin MonoManager ReloadAssembly
Native extension for WindowsStandalone target not found
Refreshing native plugins compatible for Editor in 0.29 ms, found 0 plugins.
Preloading 0 native plugins for Editor in 0.00 ms.
Invoked RoslynAnalysisRunner static constructor.
RoslynAnalysisRunner will not be running.
RoslynAnalysisRunner has terminated.
Mono: successfully reloaded assembly
- Completed reload, in  0.908 seconds
Platform modules already initialized, skipping
Refreshing native plugins compatible for Editor in 0.41 ms, found 0 plugins.
Preloading 0 native plugins for Editor in 0.00 ms.
Unloading 1272 Unused Serialized files (Serialized files now loaded: 0)
System memory in use before: 67.4 MB.
System memory in use after: 66.8 MB.

Unloading 19 unused Assets to reduce memory usage. Loaded Objects now: 1800.
Total: 2.884100 ms (FindLiveObjects: 0.227300 ms CreateObjectMapping: 0.107900 ms MarkObjects: 2.092000 ms  DeleteObjects: 0.455100 ms)

========================================================================
Received Prepare
Registering precompiled user dll's ...
Registered in 0.000612 seconds.
Begin MonoManager ReloadAssembly
Native extension for WindowsStandalone target not found
Refreshing native plugins compatible for Editor in 0.27 ms, found 0 plugins.
Preloading 0 native plugins for Editor in 0.00 ms.
Invoked RoslynAnalysisRunner static constructor.
RoslynAnalysisRunner will not be running.
RoslynAnalysisRunner has terminated.
Mono: successfully reloaded assembly
- Completed reload, in  1.188 seconds
Platform modules already initialized, skipping
Refreshing native plugins compatible for Editor in 0.45 ms, found 0 plugins.
Preloading 0 native plugins for Editor in 0.00 ms.
Unloading 1272 Unused Serialized files (Serialized files now loaded: 0)
System memory in use before: 67.4 MB.
System memory in use after: 66.8 MB.

Unloading 19 unused Assets to reduce memory usage. Loaded Objects now: 1803.
Total: 3.796700 ms (FindLiveObjects: 0.341100 ms CreateObjectMapping: 0.152100 ms MarkObjects: 2.736500 ms  DeleteObjects: 0.564500 ms)

========================================================================
Received Prepare
Registering precompiled user dll's ...
Registered in 0.000683 seconds.
Begin MonoManager ReloadAssembly
Native extension for WindowsStandalone target not found
Refreshing native plugins compatible for Editor in 0.29 ms, found 0 plugins.
Preloading 0 native plugins for Editor in 0.00 ms.
Invoked RoslynAnalysisRunner static constructor.
RoslynAnalysisRunner will not be running.
RoslynAnalysisRunner has terminated.
Mono: successfully reloaded assembly
- Completed reload, in  1.027 seconds
Platform modules already initialized, skipping
Refreshing native plugins compatible for Editor in 0.44 ms, found 0 plugins.
Preloading 0 native plugins for Editor in 0.00 ms.
Unloading 1272 Unused Serialized files (Serialized files now loaded: 0)
System memory in use before: 67.4 MB.
System memory in use after: 66.9 MB.

Unloading 19 unused Assets to reduce memory usage. Loaded Objects now: 1806.
Total: 2.709900 ms (FindLiveObjects: 0.178000 ms CreateObjectMapping: 0.055700 ms MarkObjects: 2.000700 ms  DeleteObjects: 0.474000 ms)

========================================================================
Received Prepare
Registering precompiled user dll's ...
Registered in 0.000744 seconds.
Begin MonoManager ReloadAssembly
Native extension for WindowsStandalone target not found
Refreshing native plugins compatible for Editor in 0.29 ms, found 0 plugins.
Preloading 0 native plugins for Editor in 0.00 ms.
Invoked RoslynAnalysisRunner static constructor.
RoslynAnalysisRunner will not be running.
RoslynAnalysisRunner has terminated.
Mono: successfully reloaded assembly
- Completed reload, in  1.034 seconds
Platform modules already initialized, skipping
Refreshing native plugins compatible for Editor in 0.67 ms, found 0 plugins.
Preloading 0 native plugins for Editor in 0.00 ms.
Unloading 1272 Unused Serialized files (Serialized files now loaded: 0)
System memory in use before: 67.4 MB.
System memory in use after: 66.9 MB.

Unloading 19 unused Assets to reduce memory usage. Loaded Objects now: 1809.
Total: 3.048000 ms (FindLiveObjects: 0.202800 ms CreateObjectMapping: 0.125000 ms MarkObjects: 2.089800 ms  DeleteObjects: 0.628100 ms)

========================================================================
Received Prepare
Registering precompiled user dll's ...
Registered in 0.001070 seconds.
Begin MonoManager ReloadAssembly
Native extension for WindowsStandalone target not found
Refreshing native plugins compatible for Editor in 0.69 ms, found 0 plugins.
Preloading 0 native plugins for Editor in 0.00 ms.
Invoked RoslynAnalysisRunner static constructor.
RoslynAnalysisRunner will not be running.
RoslynAnalysisRunner has terminated.
Mono: successfully reloaded assembly
- Completed reload, in  1.014 seconds
Platform modules already initialized, skipping
Refreshing native plugins compatible for Editor in 0.42 ms, found 0 plugins.
Preloading 0 native plugins for Editor in 0.00 ms.
Unloading 1272 Unused Serialized files (Serialized files now loaded: 0)
System memory in use before: 67.4 MB.
System memory in use after: 66.9 MB.

Unloading 19 unused Assets to reduce memory usage. Loaded Objects now: 1812.
Total: 2.598600 ms (FindLiveObjects: 0.219100 ms CreateObjectMapping: 0.106700 ms MarkObjects: 1.864500 ms  DeleteObjects: 0.406800 ms)

========================================================================
Received Prepare
Registering precompiled user dll's ...
Registered in 0.000957 seconds.
Begin MonoManager ReloadAssembly
Native extension for WindowsStandalone target not found
Refreshing native plugins compatible for Editor in 0.29 ms, found 0 plugins.
Preloading 0 native plugins for Editor in 0.00 ms.
Invoked RoslynAnalysisRunner static constructor.
RoslynAnalysisRunner will not be running.
RoslynAnalysisRunner has terminated.
Mono: successfully reloaded assembly
- Completed reload, in  1.206 seconds
Platform modules already initialized, skipping
Refreshing native plugins compatible for Editor in 1.46 ms, found 0 plugins.
Preloading 0 native plugins for Editor in 0.00 ms.
Unloading 1272 Unused Serialized files (Serialized files now loaded: 0)
System memory in use before: 67.5 MB.
System memory in use after: 66.9 MB.

Unloading 19 unused Assets to reduce memory usage. Loaded Objects now: 1815.
Total: 4.226500 ms (FindLiveObjects: 0.321800 ms CreateObjectMapping: 0.094600 ms MarkObjects: 3.129100 ms  DeleteObjects: 0.678000 ms)

========================================================================
Received Prepare
Registering precompiled user dll's ...
Registered in 0.000660 seconds.
Begin MonoManager ReloadAssembly
Native extension for WindowsStandalone target not found
Refreshing native plugins compatible for Editor in 0.28 ms, found 0 plugins.
Preloading 0 native plugins for Editor in 0.00 ms.
Invoked RoslynAnalysisRunner static constructor.
RoslynAnalysisRunner will not be running.
RoslynAnalysisRunner has terminated.
Mono: successfully reloaded assembly
- Completed reload, in  1.034 seconds
Platform modules already initialized, skipping
Refreshing native plugins compatible for Editor in 0.67 ms, found 0 plugins.
Preloading 0 native plugins for Editor in 0.00 ms.
Unloading 1272 Unused Serialized files (Serialized files now loaded: 0)
System memory in use before: 67.5 MB.
System memory in use after: 66.9 MB.

Unloading 19 unused Assets to reduce memory usage. Loaded Objects now: 1818.
Total: 5.384400 ms (FindLiveObjects: 0.301000 ms CreateObjectMapping: 0.138500 ms MarkObjects: 4.248900 ms  DeleteObjects: 0.693100 ms)

========================================================================
Received Prepare
Registering precompiled user dll's ...
Registered in 0.000700 seconds.
Begin MonoManager ReloadAssembly
Native extension for WindowsStandalone target not found
Refreshing native plugins compatible for Editor in 0.28 ms, found 0 plugins.
Preloading 0 native plugins for Editor in 0.00 ms.
Invoked RoslynAnalysisRunner static constructor.
RoslynAnalysisRunner will not be running.
RoslynAnalysisRunner has terminated.
Mono: successfully reloaded assembly
- Completed reload, in  1.054 seconds
Platform modules already initialized, skipping
Refreshing native plugins compatible for Editor in 0.86 ms, found 0 plugins.
Preloading 0 native plugins for Editor in 0.00 ms.
Unloading 1272 Unused Serialized files (Serialized files now loaded: 0)
System memory in use before: 67.4 MB.
System memory in use after: 66.8 MB.

Unloading 19 unused Assets to reduce memory usage. Loaded Objects now: 1821.
Total: 4.866200 ms (FindLiveObjects: 0.301300 ms CreateObjectMapping: 0.107600 ms MarkObjects: 3.832200 ms  DeleteObjects: 0.621500 ms)

========================================================================
Received Prepare
Registering precompiled user dll's ...
Registered in 0.002839 seconds.
Begin MonoManager ReloadAssembly
Native extension for WindowsStandalone target not found
Refreshing native plugins compatible for Editor in 0.29 ms, found 0 plugins.
Preloading 0 native plugins for Editor in 0.00 ms.
Invoked RoslynAnalysisRunner static constructor.
RoslynAnalysisRunner will not be running.
RoslynAnalysisRunner has terminated.
Mono: successfully reloaded assembly
- Completed reload, in  1.068 seconds
Platform modules already initialized, skipping
Refreshing native plugins compatible for Editor in 0.48 ms, found 0 plugins.
Preloading 0 native plugins for Editor in 0.00 ms.
Unloading 1272 Unused Serialized files (Serialized files now loaded: 0)
System memory in use before: 67.4 MB.
System memory in use after: 66.8 MB.

Unloading 19 unused Assets to reduce memory usage. Loaded Objects now: 1824.
Total: 3.009200 ms (FindLiveObjects: 0.289100 ms CreateObjectMapping: 0.198800 ms MarkObjects: 2.102500 ms  DeleteObjects: 0.416700 ms)

========================================================================
Received Import Request.
  Time since last request: 1104.676510 seconds.
  path: Assets/TextMesh Pro
  artifactKey: Guid(f54d1bd14bd3ca042bd867b519fee8cc) Importer(815301076,1909f56bfc062723c751e8b465ee728b)
Start importing Assets/TextMesh Pro using Guid(f54d1bd14bd3ca042bd867b519fee8cc) Importer(815301076,1909f56bfc062723c751e8b465ee728b)  -> (artifact id: '56bf3d62bbd3cdd448b4cdd3b841b512') in 0.021435 seconds
  Import took 0.053531 seconds .

========================================================================
Received Prepare
Registering precompiled user dll's ...
Registered in 0.000712 seconds.
Begin MonoManager ReloadAssembly
Native extension for WindowsStandalone target not found
Refreshing native plugins compatible for Editor in 0.28 ms, found 0 plugins.
Preloading 0 native plugins for Editor in 0.00 ms.
Invoked RoslynAnalysisRunner static constructor.
RoslynAnalysisRunner will not be running.
RoslynAnalysisRunner has terminated.
Mono: successfully reloaded assembly
- Completed reload, in  0.973 seconds
Platform modules already initialized, skipping
Refreshing native plugins compatible for Editor in 0.47 ms, found 0 plugins.
Preloading 0 native plugins for Editor in 0.00 ms.
Unloading 1272 Unused Serialized files (Serialized files now loaded: 0)
System memory in use before: 67.4 MB.
System memory in use after: 66.9 MB.

Unloading 19 unused Assets to reduce memory usage. Loaded Objects now: 1827.
Total: 3.444600 ms (FindLiveObjects: 0.426100 ms CreateObjectMapping: 0.193100 ms MarkObjects: 2.242700 ms  DeleteObjects: 0.580100 ms)

========================================================================
Received Import Request.
  Time since last request: 16.732726 seconds.
  path: Assets/Matesials/PlayerMat.mat
  artifactKey: Guid(f11157ec0a9f50c4c97712e7fa6bf121) Importer(815301076,1909f56bfc062723c751e8b465ee728b)
Start importing Assets/Matesials/PlayerMat.mat using Guid(f11157ec0a9f50c4c97712e7fa6bf121) Importer(815301076,1909f56bfc062723c751e8b465ee728b)  -> (artifact id: 'eac7040f669a30fdf48ca6be17cd0c8c') in 0.079802 seconds
  Import took 0.082990 seconds .

========================================================================
Received Prepare
Registering precompiled user dll's ...
Registered in 0.000686 seconds.
Begin MonoManager ReloadAssembly
Native extension for WindowsStandalone target not found
Refreshing native plugins compatible for Editor in 0.29 ms, found 0 plugins.
Preloading 0 native plugins for Editor in 0.00 ms.
Invoked RoslynAnalysisRunner static constructor.
RoslynAnalysisRunner will not be running.
RoslynAnalysisRunner has terminated.
Mono: successfully reloaded assembly
- Completed reload, in  1.137 seconds
Platform modules already initialized, skipping
Refreshing native plugins compatible for Editor in 0.62 ms, found 0 plugins.
Preloading 0 native plugins for Editor in 0.00 ms.
Unloading 1272 Unused Serialized files (Serialized files now loaded: 0)
System memory in use before: 67.4 MB.
System memory in use after: 66.9 MB.

Unloading 19 unused Assets to reduce memory usage. Loaded Objects now: 1831.
Total: 2.647900 ms (FindLiveObjects: 0.285400 ms CreateObjectMapping: 0.076400 ms MarkObjects: 1.784200 ms  DeleteObjects: 0.499800 ms)

========================================================================
Received Import Request.
  Time since last request: 103.972931 seconds.
  path: Assets/unnamed.png
  artifactKey: Guid(1fe0af82152bc454093bb8cfc5ecc028) Importer(815301076,1909f56bfc062723c751e8b465ee728b)
Start importing Assets/unnamed.png using Guid(1fe0af82152bc454093bb8cfc5ecc028) Importer(815301076,1909f56bfc062723c751e8b465ee728b)  -> (artifact id: 'acb3ad70874f60907d6c98780e8c498e') in 0.235672 seconds
  Import took 0.239687 seconds .

========================================================================
Received Import Request.
  Time since last request: 54.383714 seconds.
  path: Assets/unnamed.png
  artifactKey: Guid(1fe0af82152bc454093bb8cfc5ecc028) Importer(815301076,1909f56bfc062723c751e8b465ee728b)
Start importing Assets/unnamed.png using Guid(1fe0af82152bc454093bb8cfc5ecc028) Importer(815301076,1909f56bfc062723c751e8b465ee728b)  -> (artifact id: '5cdb0617590879c3bc69eed6462eb43a') in 0.118455 seconds
  Import took 0.167198 seconds .

========================================================================
Received Prepare
Registering precompiled user dll's ...
Registered in 0.000666 seconds.
Begin MonoManager ReloadAssembly
Native extension for WindowsStandalone target not found
Refreshing native plugins compatible for Editor in 0.29 ms, found 0 plugins.
Preloading 0 native plugins for Editor in 0.00 ms.
Invoked RoslynAnalysisRunner static constructor.
RoslynAnalysisRunner will not be running.
RoslynAnalysisRunner has terminated.
Mono: successfully reloaded assembly
- Completed reload, in  1.270 seconds
Platform modules already initialized, skipping
Refreshing native plugins compatible for Editor in 1.71 ms, found 0 plugins.
Preloading 0 native plugins for Editor in 0.00 ms.
Unloading 1272 Unused Serialized files (Serialized files now loaded: 0)
System memory in use before: 67.5 MB.
System memory in use after: 66.9 MB.

Unloading 19 unused Assets to reduce memory usage. Loaded Objects now: 1838.
Total: 3.620700 ms (FindLiveObjects: 0.276200 ms CreateObjectMapping: 0.074800 ms MarkObjects: 2.673500 ms  DeleteObjects: 0.594200 ms)

========================================================================
Received Prepare
Registering precompiled user dll's ...
Registered in 0.002578 seconds.
Begin MonoManager ReloadAssembly
Native extension for WindowsStandalone target not found
Refreshing native plugins compatible for Editor in 1.24 ms, found 0 plugins.
Preloading 0 native plugins for Editor in 0.00 ms.
Invoked RoslynAnalysisRunner static constructor.
RoslynAnalysisRunner will not be running.
RoslynAnalysisRunner has terminated.
Mono: successfully reloaded assembly
- Completed reload, in  1.484 seconds
Platform modules already initialized, skipping
Refreshing native plugins compatible for Editor in 0.55 ms, found 0 plugins.
Preloading 0 native plugins for Editor in 0.00 ms.
Unloading 1272 Unused Serialized files (Serialized files now loaded: 0)
System memory in use before: 67.5 MB.
System memory in use after: 66.9 MB.

Unloading 19 unused Assets to reduce memory usage. Loaded Objects now: 1841.
Total: 2.390700 ms (FindLiveObjects: 0.207800 ms CreateObjectMapping: 0.056800 ms MarkObjects: 1.695100 ms  DeleteObjects: 0.429300 ms)

========================================================================
Received Prepare
Registering precompiled user dll's ...
Registered in 0.001111 seconds.
Begin MonoManager ReloadAssembly
Native extension for WindowsStandalone target not found
Refreshing native plugins compatible for Editor in 0.31 ms, found 0 plugins.
Preloading 0 native plugins for Editor in 0.00 ms.
Invoked RoslynAnalysisRunner static constructor.
RoslynAnalysisRunner will not be running.
RoslynAnalysisRunner has terminated.
Mono: successfully reloaded assembly
- Completed reload, in  1.727 seconds
Platform modules already initialized, skipping
Refreshing native plugins compatible for Editor in 0.43 ms, found 0 plugins.
Preloading 0 native plugins for Editor in 0.00 ms.
Unloading 1272 Unused Serialized files (Serialized files now loaded: 0)
System memory in use before: 67.5 MB.
System memory in use after: 66.9 MB.

Unloading 19 unused Assets to reduce memory usage. Loaded Objects now: 1844.
Total: 4.471600 ms (FindLiveObjects: 0.323800 ms CreateObjectMapping: 0.183900 ms MarkObjects: 3.159900 ms  DeleteObjects: 0.801100 ms)

========================================================================
Received Prepare
Registering precompiled user dll's ...
Registered in 0.001172 seconds.
Begin MonoManager ReloadAssembly
Native extension for WindowsStandalone target not found
Refreshing native plugins compatible for Editor in 0.29 ms, found 0 plugins.
Preloading 0 native plugins for Editor in 0.00 ms.
Invoked RoslynAnalysisRunner static constructor.
RoslynAnalysisRunner will not be running.
RoslynAnalysisRunner has terminated.
Mono: successfully reloaded assembly
- Completed reload, in  2.221 seconds
Platform modules already initialized, skipping
Refreshing native plugins compatible for Editor in 0.54 ms, found 0 plugins.
Preloading 0 native plugins for Editor in 0.00 ms.
Unloading 1272 Unused Serialized files (Serialized files now loaded: 0)
System memory in use before: 67.5 MB.
System memory in use after: 66.9 MB.

Unloading 19 unused Assets to reduce memory usage. Loaded Objects now: 1847.
Total: 4.938400 ms (FindLiveObjects: 0.399200 ms CreateObjectMapping: 0.283600 ms MarkObjects: 3.587200 ms  DeleteObjects: 0.665600 ms)

========================================================================
Received Prepare
Registering precompiled user dll's ...
Registered in 0.001959 seconds.
Begin MonoManager ReloadAssembly
Native extension for WindowsStandalone target not found
Refreshing native plugins compatible for Editor in 0.28 ms, found 0 plugins.
Preloading 0 native plugins for Editor in 0.00 ms.
Invoked RoslynAnalysisRunner static constructor.
RoslynAnalysisRunner will not be running.
RoslynAnalysisRunner has terminated.
Mono: successfully reloaded assembly
- Completed reload, in  1.220 seconds
Platform modules already initialized, skipping
Refreshing native plugins compatible for Editor in 1.89 ms, found 0 plugins.
Preloading 0 native plugins for Editor in 0.00 ms.
Unloading 1272 Unused Serialized files (Serialized files now loaded: 0)
System memory in use before: 67.5 MB.
System memory in use after: 66.9 MB.

Unloading 19 unused Assets to reduce memory usage. Loaded Objects now: 1850.
Total: 5.605800 ms (FindLiveObjects: 0.780800 ms CreateObjectMapping: 0.467600 ms MarkObjects: 3.573200 ms  DeleteObjects: 0.779500 ms)

========================================================================
Received Prepare
Registering precompiled user dll's ...
Registered in 0.001013 seconds.
Begin MonoManager ReloadAssembly
Native extension for WindowsStandalone target not found
Refreshing native plugins compatible for Editor in 0.67 ms, found 0 plugins.
Preloading 0 native plugins for Editor in 0.00 ms.
Invoked RoslynAnalysisRunner static constructor.
RoslynAnalysisRunner will not be running.
RoslynAnalysisRunner has terminated.
Mono: successfully reloaded assembly
- Completed reload, in  2.470 seconds
Platform modules already initialized, skipping
Refreshing native plugins compatible for Editor in 1.11 ms, found 0 plugins.
Preloading 0 native plugins for Editor in 0.00 ms.
Unloading 1272 Unused Serialized files (Serialized files now loaded: 0)
System memory in use before: 67.5 MB.
System memory in use after: 66.9 MB.

Unloading 19 unused Assets to reduce memory usage. Loaded Objects now: 1853.
Total: 4.829300 ms (FindLiveObjects: 0.413300 ms CreateObjectMapping: 0.210800 ms MarkObjects: 3.122700 ms  DeleteObjects: 1.079600 ms)

========================================================================
Received Prepare
Registering precompiled user dll's ...
Registered in 0.001360 seconds.
Begin MonoManager ReloadAssembly
Native extension for WindowsStandalone target not found
Refreshing native plugins compatible for Editor in 0.29 ms, found 0 plugins.
Preloading 0 native plugins for Editor in 0.00 ms.
Invoked RoslynAnalysisRunner static constructor.
RoslynAnalysisRunner will not be running.
RoslynAnalysisRunner has terminated.
Mono: successfully reloaded assembly
- Completed reload, in  1.319 seconds
Platform modules already initialized, skipping
Refreshing native plugins compatible for Editor in 0.48 ms, found 0 plugins.
Preloading 0 native plugins for Editor in 0.00 ms.
Unloading 1272 Unused Serialized files (Serialized files now loaded: 0)
System memory in use before: 67.5 MB.
System memory in use after: 66.9 MB.

Unloading 19 unused Assets to reduce memory usage. Loaded Objects now: 1856.
Total: 3.368400 ms (FindLiveObjects: 0.615600 ms CreateObjectMapping: 0.152100 ms MarkObjects: 2.122700 ms  DeleteObjects: 0.475700 ms)

========================================================================
Received Prepare
Registering precompiled user dll's ...
Registered in 0.000920 seconds.
Begin MonoManager ReloadAssembly
Native extension for WindowsStandalone target not found
Refreshing native plugins compatible for Editor in 0.30 ms, found 0 plugins.
Preloading 0 native plugins for Editor in 0.00 ms.
Invoked RoslynAnalysisRunner static constructor.
RoslynAnalysisRunner will not be running.
RoslynAnalysisRunner has terminated.
Mono: successfully reloaded assembly
- Completed reload, in  1.180 seconds
Platform modules already initialized, skipping
Refreshing native plugins compatible for Editor in 0.48 ms, found 0 plugins.
Preloading 0 native plugins for Editor in 0.00 ms.
Unloading 1272 Unused Serialized files (Serialized files now loaded: 0)
System memory in use before: 67.5 MB.
System memory in use after: 66.9 MB.

Unloading 19 unused Assets to reduce memory usage. Loaded Objects now: 1859.
Total: 3.844700 ms (FindLiveObjects: 1.275200 ms CreateObjectMapping: 0.172100 ms MarkObjects: 1.975000 ms  DeleteObjects: 0.419700 ms)

========================================================================
Received Prepare
Registering precompiled user dll's ...
Registered in 0.001395 seconds.
Begin MonoManager ReloadAssembly
Native extension for WindowsStandalone target not found
Refreshing native plugins compatible for Editor in 0.68 ms, found 0 plugins.
Preloading 0 native plugins for Editor in 0.00 ms.
Invoked RoslynAnalysisRunner static constructor.
RoslynAnalysisRunner will not be running.
RoslynAnalysisRunner has terminated.
Mono: successfully reloaded assembly
- Completed reload, in  3.576 seconds
Platform modules already initialized, skipping
Refreshing native plugins compatible for Editor in 0.40 ms, found 0 plugins.
Preloading 0 native plugins for Editor in 0.00 ms.
Unloading 1272 Unused Serialized files (Serialized files now loaded: 0)
System memory in use before: 67.5 MB.
System memory in use after: 66.9 MB.

Unloading 19 unused Assets to reduce memory usage. Loaded Objects now: 1862.
Total: 9.918000 ms (FindLiveObjects: 0.544800 ms CreateObjectMapping: 0.733000 ms MarkObjects: 7.876700 ms  DeleteObjects: 0.760600 ms)

========================================================================
Received Prepare
Registering precompiled user dll's ...
Registered in 0.000649 seconds.
Begin MonoManager ReloadAssembly
Native extension for WindowsStandalone target not found
Refreshing native plugins compatible for Editor in 0.28 ms, found 0 plugins.
Preloading 0 native plugins for Editor in 0.00 ms.
Invoked RoslynAnalysisRunner static constructor.
RoslynAnalysisRunner will not be running.
RoslynAnalysisRunner has terminated.
Mono: successfully reloaded assembly
- Completed reload, in  1.173 seconds
Platform modules already initialized, skipping
Refreshing native plugins compatible for Editor in 0.53 ms, found 0 plugins.
Preloading 0 native plugins for Editor in 0.00 ms.
Unloading 1272 Unused Serialized files (Serialized files now loaded: 0)
System memory in use before: 67.5 MB.
System memory in use after: 67.0 MB.

Unloading 19 unused Assets to reduce memory usage. Loaded Objects now: 1865.
Total: 5.987400 ms (FindLiveObjects: 0.305500 ms CreateObjectMapping: 0.092400 ms MarkObjects: 4.957300 ms  DeleteObjects: 0.629400 ms)

